#
# A fatal error has been detected by the Java Runtime Environment:
#
#  EXCEPTION_ACCESS_VIOLATION (0xc0000005) at pc=0x000000005d58a0a5, pid=6948, tid=0x0000000000002360
#
# JRE version: Java(TM) SE Runtime Environment (8.0_101-b13) (build 1.8.0_101-b13)
# Java VM: Java HotSpot(TM) 64-Bit Server VM (25.101-b13 mixed mode windows-amd64 compressed oops)
# Problematic frame:
# V  [jvm.dll+0x12a0a5]
#
# Failed to write core dump. Minidumps are not enabled by default on client versions of Windows
#
# If you would like to submit a bug report, please visit:
#   http://bugreport.java.com/bugreport/crash.jsp
#

---------------  T H R E A D  ---------------

Current thread (0x0000000017d02800):  JavaThread "JDWP Transport Listener: dt_socket" daemon [_thread_in_vm, id=9056, stack(0x0000000019690000,0x0000000019790000)]

siginfo: ExceptionCode=0xc0000005, reading address 0xffffffffffffffff

Registers:
RAX=0x000000001978f401, RBX=0x0000000017d02800, RCX=0x6a4c49286700013b, RDX=0x0000000000000000
RSP=0x000000001978f420, RBP=0x6a4c49286700013b, RSI=0x000000001978f538, RDI=0x00000000032785e0
R8 =0x0000000017d02800, R9 =0x0000000000000000, R10=0x0000000000000000, R11=0x0000000000000064
R12=0x0000000000000000, R13=0x0000000017cf7198, R14=0x0000000000000000, R15=0x0000000000000000
RIP=0x000000005d58a0a5, EFLAGS=0x0000000000010202

Top of Stack: (sp=0x000000001978f420)
0x000000001978f420:   0000000017d02800 0000000017d02800
0x000000001978f430:   000000001978f4e8 000000005d792f0b
0x000000001978f440:   0000000017d02800 000000005d7af76d
0x000000001978f450:   0000000000000000 000000005ab49155
0x000000001978f460:   0000000017d18338 000000005ab5291e
0x000000001978f470:   0000000017d02800 0000000000000000
0x000000001978f480:   0000000000000000 0000000000000000
0x000000001978f490:   6a4c49286700013b 000000005ab51a15
0x000000001978f4a0:   000000001978f538 000000001978f510
0x000000001978f4b0:   0000000000000001 0000000017d18338
0x000000001978f4c0:   6a4c49286700013b 000000005ab353b3
0x000000001978f4d0:   000000001978f600 0000000000000001
0x000000001978f4e0:   0000000000000001 0000000017d18338
0x000000001978f4f0:   0000000000000009 0000000000000000
0x000000001978f500:   0000000000000000 0000000000000000
0x000000001978f510:   0000000000000001 000000005ab35571 

Instructions: (pc=0x000000005d58a0a5)
0x000000005d58a085:   cc cc cc cc cc cc cc cc cc cc cc 48 83 ec 28 48
0x000000005d58a095:   85 c9 75 07 33 c0 48 83 c4 28 c3 48 89 5c 24 20
0x000000005d58a0a5:   48 8b 19 48 85 db 74 20 48 83 fb 37 74 1a 48 8b
0x000000005d58a0b5:   13 48 8b cb ff 52 10 84 c0 74 0d 48 8b c3 48 8b 


Register to memory mapping:

RAX=0x000000001978f401 is pointing into the stack for thread: 0x0000000017d02800
RBX=0x0000000017d02800 is a thread
RCX=0x6a4c49286700013b is an unknown value
RDX=0x0000000000000000 is an unknown value
RSP=0x000000001978f420 is pointing into the stack for thread: 0x0000000017d02800
RBP=0x6a4c49286700013b is an unknown value
RSI=0x000000001978f538 is pointing into the stack for thread: 0x0000000017d02800
RDI=0x00000000032785e0 is an unknown value
R8 =0x0000000017d02800 is a thread
R9 =0x0000000000000000 is an unknown value
R10=0x0000000000000000 is an unknown value
R11=0x0000000000000064 is an unknown value
R12=0x0000000000000000 is an unknown value
R13=0x0000000017cf7198 is an unknown value
R14=0x0000000000000000 is an unknown value
R15=0x0000000000000000 is an unknown value


Stack: [0x0000000019690000,0x0000000019790000],  sp=0x000000001978f420,  free space=1021k
Native frames: (J=compiled Java code, j=interpreted, Vv=VM code, C=native code)
V  [jvm.dll+0x12a0a5]
V  [jvm.dll+0x34f76d]
C  [jdwp.dll+0x21a15]
C  [jdwp.dll+0x53b3]
C  [jdwp.dll+0x5571]
C  [jdwp.dll+0xf0a8]
C  [jdwp.dll+0x1f2d5]
C  [jdwp.dll+0x1f4aa]
V  [jvm.dll+0x1bd258]
V  [jvm.dll+0x2451a4]
V  [jvm.dll+0x29c18a]
C  [msvcr100.dll+0x21d9f]
C  [msvcr100.dll+0x21e3b]
C  [KERNEL32.DLL+0x8364]
C  [ntdll.dll+0x65e91]


---------------  P R O C E S S  ---------------

Java Threads: ( => current thread )
  0x000000001a763000 JavaThread "pool-1-thread-1" [_thread_blocked, id=5480, stack(0x000000001c160000,0x000000001c260000)]
  0x000000001a842000 JavaThread "Abandoned connection cleanup thread" daemon [_thread_blocked, id=5588, stack(0x000000001ae90000,0x000000001af90000)]
  0x0000000019ad6800 JavaThread "Service Thread" daemon [_thread_blocked, id=4148, stack(0x000000001a090000,0x000000001a190000)]
  0x0000000019aba000 JavaThread "C1 CompilerThread2" daemon [_thread_blocked, id=4412, stack(0x0000000019f90000,0x000000001a090000)]
  0x0000000019aa9000 JavaThread "C2 CompilerThread1" daemon [_thread_blocked, id=8516, stack(0x0000000019e90000,0x0000000019f90000)]
  0x0000000017d15800 JavaThread "C2 CompilerThread0" daemon [_thread_blocked, id=1040, stack(0x0000000019990000,0x0000000019a90000)]
  0x0000000017d08800 JavaThread "JDWP Command Reader" daemon [_thread_in_native, id=1616, stack(0x0000000019890000,0x0000000019990000)]
  0x0000000017d07000 JavaThread "JDWP Event Helper Thread" daemon [_thread_blocked, id=3060, stack(0x0000000019790000,0x0000000019890000)]
=>0x0000000017d02800 JavaThread "JDWP Transport Listener: dt_socket" daemon [_thread_in_vm, id=9056, stack(0x0000000019690000,0x0000000019790000)]
  0x0000000017cee000 JavaThread "Attach Listener" daemon [_thread_blocked, id=6612, stack(0x0000000019250000,0x0000000019350000)]
  0x0000000017cec800 JavaThread "Signal Dispatcher" daemon [_thread_blocked, id=4572, stack(0x0000000019150000,0x0000000019250000)]
  0x0000000017cda800 JavaThread "Finalizer" daemon [_thread_blocked, id=9204, stack(0x0000000018f50000,0x0000000019050000)]
  0x0000000017cb9000 JavaThread "Reference Handler" daemon [_thread_blocked, id=5520, stack(0x0000000018e50000,0x0000000018f50000)]
  0x0000000002f62800 JavaThread "main" [_thread_blocked, id=10656, stack(0x00000000016f0000,0x00000000017f0000)]

Other Threads:
  0x0000000017cb7800 VMThread [stack: 0x0000000018d50000,0x0000000018e50000] [id=10960]
  0x0000000019adb800 WatcherThread [stack: 0x000000001a190000,0x000000001a290000] [id=2664]

VM state:not at safepoint (normal execution)

VM Mutex/Monitor currently owned by a thread: None

Heap:
 PSYoungGen      total 38400K, used 24782K [0x00000000d5c00000, 0x00000000d8680000, 0x0000000100000000)
  eden space 33280K, 74% used [0x00000000d5c00000,0x00000000d7433870,0x00000000d7c80000)
  from space 5120K, 0% used [0x00000000d7c80000,0x00000000d7c80000,0x00000000d8180000)
  to   space 5120K, 0% used [0x00000000d8180000,0x00000000d8180000,0x00000000d8680000)
 ParOldGen       total 67072K, used 7576K [0x0000000081400000, 0x0000000085580000, 0x00000000d5c00000)
  object space 67072K, 11% used [0x0000000081400000,0x0000000081b660f0,0x0000000085580000)
 Metaspace       used 24895K, capacity 25188K, committed 25600K, reserved 1071104K
  class space    used 3178K, capacity 3246K, committed 3328K, reserved 1048576K

Card table byte_map: [0x0000000012640000,0x0000000012a40000] byte_map_base: 0x0000000012236000

Marking Bits: (ParMarkBitMap*) 0x000000005dc7a6d0
 Begin Bits: [0x0000000012ff0000, 0x0000000014fa0000)
 End Bits:   [0x0000000014fa0000, 0x0000000016f50000)

Polling page: 0x0000000000ff0000

CodeCache: size=245760Kb used=5156Kb max_used=5169Kb free=240603Kb
 bounds [0x0000000003280000, 0x0000000003790000, 0x0000000012280000]
 total_blobs=2046 nmethods=1569 adapters=397
 compilation: enabled

Compilation events (10 events):
Event: 65.143 Thread 0x0000000019aba000 1561       1       antlr.ANTLRStringBuffer::getBuffer (5 bytes)
Event: 65.143 Thread 0x0000000019aba000 nmethod 1561 0x000000000377ee90 code [0x000000000377efe0, 0x000000000377f0f0]
Event: 65.144 Thread 0x0000000019aba000 1566       3       antlr.CommonAST::initialize (11 bytes)
Event: 65.145 Thread 0x0000000019aba000 nmethod 1566 0x000000000377e950 code [0x000000000377eac0, 0x000000000377edc8]
Event: 65.180 Thread 0x0000000019aba000 1567       3       org.hibernate.engine.query.spi.ParamLocationRecognizer::other (1 bytes)
Event: 65.181 Thread 0x0000000019aba000 nmethod 1567 0x000000000377e610 code [0x000000000377e760, 0x000000000377e8b0]
Event: 65.189 Thread 0x0000000019aba000 1568       3       com.mysql.jdbc.Buffer::ensureCapacity (127 bytes)
Event: 65.191 Thread 0x0000000019aba000 nmethod 1568 0x000000000378b410 code [0x000000000378b5e0, 0x000000000378bb28]
Event: 189.577 Thread 0x0000000019aa9000 1569   !   4       java.lang.ref.ReferenceQueue::remove (125 bytes)
Event: 189.599 Thread 0x0000000019aa9000 nmethod 1569 0x000000000378f110 code [0x000000000378f280, 0x000000000378fae8]

GC Heap History (8 events):
Event: 2.061 GC heap before
{Heap before GC invocations=1 (full 0):
 PSYoungGen      total 38400K, used 33280K [0x00000000d5c00000, 0x00000000d8680000, 0x0000000100000000)
  eden space 33280K, 100% used [0x00000000d5c00000,0x00000000d7c80000,0x00000000d7c80000)
  from space 5120K, 0% used [0x00000000d8180000,0x00000000d8180000,0x00000000d8680000)
  to   space 5120K, 0% used [0x00000000d7c80000,0x00000000d7c80000,0x00000000d8180000)
 ParOldGen       total 87552K, used 0K [0x0000000081400000, 0x0000000086980000, 0x00000000d5c00000)
  object space 87552K, 0% used [0x0000000081400000,0x0000000081400000,0x0000000086980000)
 Metaspace       used 8305K, capacity 8460K, committed 8704K, reserved 1056768K
  class space    used 955K, capacity 972K, committed 1024K, reserved 1048576K
Event: 2.071 GC heap after
Heap after GC invocations=1 (full 0):
 PSYoungGen      total 38400K, used 2258K [0x00000000d5c00000, 0x00000000d8680000, 0x0000000100000000)
  eden space 33280K, 0% used [0x00000000d5c00000,0x00000000d5c00000,0x00000000d7c80000)
  from space 5120K, 44% used [0x00000000d7c80000,0x00000000d7eb4b00,0x00000000d8180000)
  to   space 5120K, 0% used [0x00000000d8180000,0x00000000d8180000,0x00000000d8680000)
 ParOldGen       total 87552K, used 72K [0x0000000081400000, 0x0000000086980000, 0x00000000d5c00000)
  object space 87552K, 0% used [0x0000000081400000,0x0000000081412010,0x0000000086980000)
 Metaspace       used 8305K, capacity 8460K, committed 8704K, reserved 1056768K
  class space    used 955K, capacity 972K, committed 1024K, reserved 1048576K
}
Event: 6.044 GC heap before
{Heap before GC invocations=2 (full 0):
 PSYoungGen      total 38400K, used 35538K [0x00000000d5c00000, 0x00000000d8680000, 0x0000000100000000)
  eden space 33280K, 100% used [0x00000000d5c00000,0x00000000d7c80000,0x00000000d7c80000)
  from space 5120K, 44% used [0x00000000d7c80000,0x00000000d7eb4b00,0x00000000d8180000)
  to   space 5120K, 0% used [0x00000000d8180000,0x00000000d8180000,0x00000000d8680000)
 ParOldGen       total 87552K, used 72K [0x0000000081400000, 0x0000000086980000, 0x00000000d5c00000)
  object space 87552K, 0% used [0x0000000081400000,0x0000000081412010,0x0000000086980000)
 Metaspace       used 16931K, capacity 17206K, committed 17408K, reserved 1064960K
  class space    used 2117K, capacity 2195K, committed 2304K, reserved 1048576K
Event: 6.070 GC heap after
Heap after GC invocations=2 (full 0):
 PSYoungGen      total 38400K, used 5105K [0x00000000d5c00000, 0x00000000d8680000, 0x0000000100000000)
  eden space 33280K, 0% used [0x00000000d5c00000,0x00000000d5c00000,0x00000000d7c80000)
  from space 5120K, 99% used [0x00000000d8180000,0x00000000d867c470,0x00000000d8680000)
  to   space 5120K, 0% used [0x00000000d7c80000,0x00000000d7c80000,0x00000000d8180000)
 ParOldGen       total 87552K, used 3532K [0x0000000081400000, 0x0000000086980000, 0x00000000d5c00000)
  object space 87552K, 4% used [0x0000000081400000,0x0000000081773088,0x0000000086980000)
 Metaspace       used 16931K, capacity 17206K, committed 17408K, reserved 1064960K
  class space    used 2117K, capacity 2195K, committed 2304K, reserved 1048576K
}
Event: 8.212 GC heap before
{Heap before GC invocations=3 (full 0):
 PSYoungGen      total 38400K, used 25693K [0x00000000d5c00000, 0x00000000d8680000, 0x0000000100000000)
  eden space 33280K, 61% used [0x00000000d5c00000,0x00000000d701b1a8,0x00000000d7c80000)
  from space 5120K, 99% used [0x00000000d8180000,0x00000000d867c470,0x00000000d8680000)
  to   space 5120K, 0% used [0x00000000d7c80000,0x00000000d7c80000,0x00000000d8180000)
 ParOldGen       total 87552K, used 3532K [0x0000000081400000, 0x0000000086980000, 0x00000000d5c00000)
  object space 87552K, 4% used [0x0000000081400000,0x0000000081773088,0x0000000086980000)
 Metaspace       used 20746K, capacity 20944K, committed 21248K, reserved 1067008K
  class space    used 2640K, capacity 2714K, committed 2816K, reserved 1048576K
Event: 8.237 GC heap after
Heap after GC invocations=3 (full 0):
 PSYoungGen      total 38400K, used 5097K [0x00000000d5c00000, 0x00000000d8680000, 0x0000000100000000)
  eden space 33280K, 0% used [0x00000000d5c00000,0x00000000d5c00000,0x00000000d7c80000)
  from space 5120K, 99% used [0x00000000d7c80000,0x00000000d817a470,0x00000000d8180000)
  to   space 5120K, 0% used [0x00000000d8180000,0x00000000d8180000,0x00000000d8680000)
 ParOldGen       total 87552K, used 6167K [0x0000000081400000, 0x0000000086980000, 0x00000000d5c00000)
  object space 87552K, 7% used [0x0000000081400000,0x0000000081a05f78,0x0000000086980000)
 Metaspace       used 20746K, capacity 20944K, committed 21248K, reserved 1067008K
  class space    used 2640K, capacity 2714K, committed 2816K, reserved 1048576K
}
Event: 8.237 GC heap before
{Heap before GC invocations=4 (full 1):
 PSYoungGen      total 38400K, used 5097K [0x00000000d5c00000, 0x00000000d8680000, 0x0000000100000000)
  eden space 33280K, 0% used [0x00000000d5c00000,0x00000000d5c00000,0x00000000d7c80000)
  from space 5120K, 99% used [0x00000000d7c80000,0x00000000d817a470,0x00000000d8180000)
  to   space 5120K, 0% used [0x00000000d8180000,0x00000000d8180000,0x00000000d8680000)
 ParOldGen       total 87552K, used 6167K [0x0000000081400000, 0x0000000086980000, 0x00000000d5c00000)
  object space 87552K, 7% used [0x0000000081400000,0x0000000081a05f78,0x0000000086980000)
 Metaspace       used 20746K, capacity 20944K, committed 21248K, reserved 1067008K
  class space    used 2640K, capacity 2714K, committed 2816K, reserved 1048576K
Event: 8.350 GC heap after
Heap after GC invocations=4 (full 1):
 PSYoungGen      total 38400K, used 0K [0x00000000d5c00000, 0x00000000d8680000, 0x0000000100000000)
  eden space 33280K, 0% used [0x00000000d5c00000,0x00000000d5c00000,0x00000000d7c80000)
  from space 5120K, 0% used [0x00000000d7c80000,0x00000000d7c80000,0x00000000d8180000)
  to   space 5120K, 0% used [0x00000000d8180000,0x00000000d8180000,0x00000000d8680000)
 ParOldGen       total 67072K, used 7576K [0x0000000081400000, 0x0000000085580000, 0x00000000d5c00000)
  object space 67072K, 11% used [0x0000000081400000,0x0000000081b660f0,0x0000000085580000)
 Metaspace       used 20746K, capacity 20944K, committed 21248K, reserved 1067008K
  class space    used 2640K, capacity 2714K, committed 2816K, reserved 1048576K
}

Deoptimization events (10 events):
Event: 7.260 Thread 0x0000000002f62800 Uncommon trap: reason=bimorphic action=maybe_recompile pc=0x000000000363eb68 method=java.util.HashMap.putVal(ILjava/lang/Object;Ljava/lang/Object;ZZ)Ljava/lang/Object; @ 203
Event: 8.366 Thread 0x0000000002f62800 Uncommon trap: reason=unstable_if action=reinterpret pc=0x0000000003663f90 method=java.util.HashMap.putVal(ILjava/lang/Object;Ljava/lang/Object;ZZ)Ljava/lang/Object; @ 162
Event: 8.367 Thread 0x0000000002f62800 Uncommon trap: reason=unstable_if action=reinterpret pc=0x0000000003681450 method=java.util.HashMap.getNode(ILjava/lang/Object;)Ljava/util/HashMap$Node; @ 84
Event: 8.368 Thread 0x0000000002f62800 Uncommon trap: reason=unstable_if action=reinterpret pc=0x000000000367d944 method=java.util.HashMap.getNode(ILjava/lang/Object;)Ljava/util/HashMap$Node; @ 84
Event: 9.070 Thread 0x0000000002f62800 Uncommon trap: reason=unstable_if action=reinterpret pc=0x000000000362dbe4 method=java.lang.String.regionMatches(ZILjava/lang/String;II)Z @ 123
Event: 9.076 Thread 0x0000000002f62800 Uncommon trap: reason=unstable_if action=reinterpret pc=0x0000000003660b18 method=java.lang.String.regionMatches(ZILjava/lang/String;II)Z @ 123
Event: 9.824 Thread 0x0000000002f62800 Uncommon trap: reason=unstable_if action=reinterpret pc=0x00000000033b3080 method=java.lang.CharacterData.of(I)Ljava/lang/CharacterData; @ 4
Event: 10.060 Thread 0x0000000002f62800 Uncommon trap: reason=unstable_if action=reinterpret pc=0x00000000035bed14 method=java.lang.String.indexOf([CII[CIII)I @ 27
Event: 10.060 Thread 0x0000000002f62800 Uncommon trap: reason=unstable_if action=reinterpret pc=0x00000000036c9630 method=java.lang.String.indexOf([CII[CIII)I @ 27
Event: 10.394 Thread 0x0000000002f62800 Uncommon trap: reason=unstable_if action=reinterpret pc=0x000000000341bc18 method=java.lang.String.indexOf([CII[CIII)I @ 27

Internal exceptions (9 events):
Event: 0.162 Thread 0x0000000002f62800 Exception <a 'java/lang/NoSuchMethodError': Method sun.misc.Unsafe.defineClass(Ljava/lang/String;[BII)Ljava/lang/Class; name or signature does not match> (0x00000000d5c07cc0) thrown at [C:\re\workspace\8-2-build-windows-amd64-cygwin\jdk8u101\7261\hotspot\sóÙþÇÄ?
Event: 0.162 Thread 0x0000000002f62800 Exception <a 'java/lang/NoSuchMethodError': Method sun.misc.Unsafe.prefetchRead(Ljava/lang/Object;J)V name or signature does not match> (0x00000000d5c07fa8) thrown at [C:\re\workspace\8-2-build-windows-amd64-cygwin\jdk8u101\7261\hotspot\src\share\vm\prims\cQän2»î?
Event: 0.960 Thread 0x0000000002f62800 Exception <a 'java/security/PrivilegedActionException'> (0x00000000d5e73ad0) thrown at [C:\re\workspace\8-2-build-windows-amd64-cygwin\jdk8u101\7261\hotspot\src\share\vm\prims\jvm.cpp, line 1386]
Event: 0.960 Thread 0x0000000002f62800 Exception <a 'java/security/PrivilegedActionException'> (0x00000000d5e73ce0) thrown at [C:\re\workspace\8-2-build-windows-amd64-cygwin\jdk8u101\7261\hotspot\src\share\vm\prims\jvm.cpp, line 1386]
Event: 0.963 Thread 0x0000000002f62800 Exception <a 'java/security/PrivilegedActionException'> (0x00000000d5e77a00) thrown at [C:\re\workspace\8-2-build-windows-amd64-cygwin\jdk8u101\7261\hotspot\src\share\vm\prims\jvm.cpp, line 1386]
Event: 0.963 Thread 0x0000000002f62800 Exception <a 'java/security/PrivilegedActionException'> (0x00000000d5e77c10) thrown at [C:\re\workspace\8-2-build-windows-amd64-cygwin\jdk8u101\7261\hotspot\src\share\vm\prims\jvm.cpp, line 1386]
Event: 2.125 Thread 0x0000000002f62800 Exception <a 'java/lang/NoSuchFieldError': method resolution failed> (0x00000000d5c63d50) thrown at [C:\re\workspace\8-2-build-windows-amd64-cygwin\jdk8u101\7261\hotspot\src\share\vm\prims\methodHandles.cpp, line 1146]
Event: 2.144 Thread 0x0000000002f62800 Exception <a 'java/lang/NoSuchFieldError': method resolution failed> (0x00000000d5c71a90) thrown at [C:\re\workspace\8-2-build-windows-amd64-cygwin\jdk8u101\7261\hotspot\src\share\vm\prims\methodHandles.cpp, line 1146]
Event: 6.500 Thread 0x0000000002f62800 Exception <a 'java/lang/ArrayIndexOutOfBoundsException'> (0x00000000d5e491b8) thrown at [C:\re\workspace\8-2-build-windows-amd64-cygwin\jdk8u101\7261\hotspot\src\share\vm\runtime\sharedRuntime.cpp, line 605]

Events (10 events):
Event: 85.301 Executing VM operation: GetOrSetLocal
Event: 85.301 Executing VM operation: GetOrSetLocal done
Event: 85.301 Executing VM operation: GetOrSetLocal
Event: 85.302 Executing VM operation: GetOrSetLocal done
Event: 85.306 Executing VM operation: GetOrSetLocal
Event: 85.306 Executing VM operation: GetOrSetLocal done
Event: 85.307 Executing VM operation: GetOrSetLocal
Event: 85.307 Executing VM operation: GetOrSetLocal done
Event: 214.605 Executing VM operation: RedefineClasses
Event: 214.640 Executing VM operation: RedefineClasses done


Dynamic libraries:
0x00007ff61c800000 - 0x00007ff61c837000 	C:\Program Files\Java\jre1.8.0_101\bin\javaw.exe
0x00007ff9d3dd0000 - 0x00007ff9d3fa1000 	C:\WINDOWS\SYSTEM32\ntdll.dll
0x00007ff9d3770000 - 0x00007ff9d381b000 	C:\WINDOWS\System32\KERNEL32.DLL
0x00007ff9d0370000 - 0x00007ff9d058d000 	C:\WINDOWS\System32\KERNELBASE.dll
0x00007ff9d3af0000 - 0x00007ff9d3b92000 	C:\WINDOWS\System32\ADVAPI32.dll
0x00007ff9d3230000 - 0x00007ff9d32ce000 	C:\WINDOWS\System32\msvcrt.dll
0x00007ff9d2f40000 - 0x00007ff9d2f99000 	C:\WINDOWS\System32\sechost.dll
0x00007ff9d2ff0000 - 0x00007ff9d3111000 	C:\WINDOWS\System32\RPCRT4.dll
0x00007ff9d2dd0000 - 0x00007ff9d2f35000 	C:\WINDOWS\System32\USER32.dll
0x00007ff9d05e0000 - 0x00007ff9d05fe000 	C:\WINDOWS\System32\win32u.dll
0x00007ff9d2fa0000 - 0x00007ff9d2fd4000 	C:\WINDOWS\System32\GDI32.dll
0x00007ff9d0600000 - 0x00007ff9d0782000 	C:\WINDOWS\System32\gdi32full.dll
0x00007ff9bc590000 - 0x00007ff9bc80a000 	C:\WINDOWS\WinSxS\amd64_microsoft.windows.common-controls_6595b64144ccf1df_6.0.14393.351_none_4213128bc687e6d3\COMCTL32.dll
0x00007ff9d3820000 - 0x00007ff9d3ae7000 	C:\WINDOWS\System32\combase.dll
0x00007ff9d08a0000 - 0x00007ff9d0995000 	C:\WINDOWS\System32\ucrtbase.dll
0x00007ff9d0830000 - 0x00007ff9d089a000 	C:\WINDOWS\System32\bcryptPrimitives.dll
0x00007ff9d3c00000 - 0x00007ff9d3c2e000 	C:\WINDOWS\System32\IMM32.DLL
0x000000005ab70000 - 0x000000005ac42000 	C:\Program Files\Java\jre1.8.0_101\bin\msvcr100.dll
0x000000005d460000 - 0x000000005dcfa000 	C:\Program Files\Java\jre1.8.0_101\bin\server\jvm.dll
0x00007ff9d28d0000 - 0x00007ff9d28d8000 	C:\WINDOWS\System32\PSAPI.DLL
0x00007ff9ce280000 - 0x00007ff9ce2a3000 	C:\WINDOWS\SYSTEM32\WINMM.dll
0x00007ff9ccf40000 - 0x00007ff9ccf49000 	C:\WINDOWS\SYSTEM32\WSOCK32.dll
0x00007ff9d3120000 - 0x00007ff9d318a000 	C:\WINDOWS\System32\WS2_32.dll
0x00007ff9c50b0000 - 0x00007ff9c50ba000 	C:\WINDOWS\SYSTEM32\VERSION.dll
0x00007ff9ce230000 - 0x00007ff9ce25b000 	C:\WINDOWS\SYSTEM32\WINMMBASE.dll
0x00007ff9d0590000 - 0x00007ff9d05d2000 	C:\WINDOWS\System32\cfgmgr32.dll
0x000000005d450000 - 0x000000005d45f000 	C:\Program Files\Java\jre1.8.0_101\bin\verify.dll
0x000000005d420000 - 0x000000005d449000 	C:\Program Files\Java\jre1.8.0_101\bin\java.dll
0x000000005ab30000 - 0x000000005ab65000 	C:\Program Files\Java\jre1.8.0_101\bin\jdwp.dll
0x000000005b200000 - 0x000000005b208000 	C:\Program Files\Java\jre1.8.0_101\bin\npt.dll
0x000000005d400000 - 0x000000005d416000 	C:\Program Files\Java\jre1.8.0_101\bin\zip.dll
0x00007ff9d13c0000 - 0x00007ff9d28c9000 	C:\WINDOWS\System32\SHELL32.dll
0x00007ff9d0c80000 - 0x00007ff9d135a000 	C:\WINDOWS\System32\windows.storage.dll
0x00007ff9d0260000 - 0x00007ff9d02ac000 	C:\WINDOWS\System32\powrprof.dll
0x00007ff9d3710000 - 0x00007ff9d3762000 	C:\WINDOWS\System32\shlwapi.dll
0x00007ff9d02b0000 - 0x00007ff9d02bf000 	C:\WINDOWS\System32\kernel.appcore.dll
0x00007ff9d02c0000 - 0x00007ff9d0369000 	C:\WINDOWS\System32\shcore.dll
0x00007ff9d0240000 - 0x00007ff9d0254000 	C:\WINDOWS\System32\profapi.dll
0x000000005ab20000 - 0x000000005ab29000 	C:\Program Files\Java\jre1.8.0_101\bin\dt_socket.dll
0x00007ff9c45c0000 - 0x00007ff9c45d6000 	C:\WINDOWS\system32\napinsp.dll
0x00007ff9c3e60000 - 0x00007ff9c3e7a000 	C:\WINDOWS\system32\pnrpnsp.dll
0x00007ff9cd890000 - 0x00007ff9cd8a8000 	C:\WINDOWS\system32\NLAapi.dll
0x00007ff9cfa00000 - 0x00007ff9cfa5c000 	C:\WINDOWS\System32\mswsock.dll
0x00007ff9cf7d0000 - 0x00007ff9cf870000 	C:\WINDOWS\SYSTEM32\DNSAPI.dll
0x00007ff9d2fe0000 - 0x00007ff9d2fe8000 	C:\WINDOWS\System32\NSI.dll
0x00007ff9cf790000 - 0x00007ff9cf7c8000 	C:\WINDOWS\SYSTEM32\IPHLPAPI.DLL
0x00007ff9c3e40000 - 0x00007ff9c3e4e000 	C:\WINDOWS\System32\winrnr.dll
0x00007ff9c1bd0000 - 0x00007ff9c1be5000 	C:\WINDOWS\System32\wshbth.dll
0x00007ff9c9700000 - 0x00007ff9c976a000 	C:\WINDOWS\System32\fwpuclnt.dll
0x00007ff9d0170000 - 0x00007ff9d019b000 	C:\WINDOWS\SYSTEM32\bcrypt.dll
0x00007ff9c50a0000 - 0x00007ff9c50aa000 	C:\Windows\System32\rasadhlp.dll
0x000000005d3e0000 - 0x000000005d3fa000 	C:\Program Files\Java\jre1.8.0_101\bin\net.dll
0x00007ff9cfca0000 - 0x00007ff9cfcb7000 	C:\WINDOWS\SYSTEM32\CRYPTSP.dll
0x00007ff9cfb80000 - 0x00007ff9cfbb3000 	C:\WINDOWS\system32\rsaenh.dll
0x00007ff9cf880000 - 0x00007ff9cf89f000 	C:\WINDOWS\SYSTEM32\USERENV.dll
0x00007ff9d0160000 - 0x00007ff9d016b000 	C:\WINDOWS\SYSTEM32\CRYPTBASE.dll
0x00007ff9cb2c0000 - 0x00007ff9cb2d6000 	C:\WINDOWS\SYSTEM32\dhcpcsvc6.DLL
0x00007ff9cb3b0000 - 0x00007ff9cb3ca000 	C:\WINDOWS\SYSTEM32\dhcpcsvc.DLL
0x000000005d3c0000 - 0x000000005d3d1000 	C:\Program Files\Java\jre1.8.0_101\bin\nio.dll
0x00007ff9cc450000 - 0x00007ff9cc5e2000 	C:\WINDOWS\SYSTEM32\dbghelp.dll

VM Arguments:
jvm_args: -agentlib:jdwp=transport=dt_socket,suspend=y,address=localhost:2864 -Dfile.encoding=Cp1252 
java_command: dao.DAOForum
java_class_path (initial): C:\Users\Rafael\Git\APS_Unip\APS\bin;C:\Users\Rafael\Documents\mysql\mysql-connector-java-5.1.39-bin.jar;C:\Users\Rafael\Downloads\hibernate-release-5.2.3.Final\hibernate-release-5.2.3.Final\lib\required\antlr-2.7.7.jar;C:\Users\Rafael\Downloads\hibernate-release-5.2.3.Final\hibernate-release-5.2.3.Final\lib\required\cdi-api-1.1.jar;C:\Users\Rafael\Downloads\hibernate-release-5.2.3.Final\hibernate-release-5.2.3.Final\lib\required\classmate-1.3.0.jar;C:\Users\Rafael\Downloads\hibernate-release-5.2.3.Final\hibernate-release-5.2.3.Final\lib\required\dom4j-1.6.1.jar;C:\Users\Rafael\Downloads\hibernate-release-5.2.3.Final\hibernate-release-5.2.3.Final\lib\required\el-api-2.2.jar;C:\Users\Rafael\Downloads\hibernate-release-5.2.3.Final\hibernate-release-5.2.3.Final\lib\required\geronimo-jta_1.1_spec-1.1.1.jar;C:\Users\Rafael\Downloads\hibernate-release-5.2.3.Final\hibernate-release-5.2.3.Final\lib\required\hibernate-commons-annotations-5.0.1.Final.jar;C:\Users\Rafael\Downloads\hibernate-release-5.2.3.Final\hibernate-release-5.2.3.Final\lib\required\hibernate-core-5.2.3.Final.jar;C:\Users\Rafael\Downloads\hibernate-release-5.2.3.Final\hibernate-release-5.2.3.Final\lib\required\hibernate-jpa-2.1-api-1.0.0.Final.jar;C:\Users\Rafael\Downloads\hibernate-release-5.2.3.Final\hibernate-release-5.2.3.Final\lib\required\jandex-2.0.0.Final.jar;C:\Users\Rafael\Downloads\hibernate-release-5.2.3.Final\hibernate-release-5.2.3.Final\lib\required\javassist-3.20.0-GA.jar;C:\Users\Rafael\Downloads\hibernate-release-5.2.3.Final\hibernate-release-5.2.3.Final\lib\required\javax.inject-1.jar;C:\Users\Rafael\Downloads\hibernate-release-5.2.3.Final\hibernate-release-5.2.3.Final\lib\required\jboss-interceptors-api_1.1_spec-1.0.0.Beta1.jar;C:\Users\Rafael\Downloads\hibernate-release-5.2.3.Final\hibernate-release-5.2.3.Final\lib\required\jboss-logging-3.3.0.Final.jar;C:\Users\Rafael\Downloads\hibernate-release-5.2.3.Final\hibernate-release-5.2.3.Final\lib\required\jsr250-
Launcher Type: SUN_STANDARD

Environment Variables:
PATH=C:/Program Files/Java/jre1.8.0_101/bin/server;C:/Program Files/Java/jre1.8.0_101/bin;C:/Program Files/Java/jre1.8.0_101/lib/amd64;C:\ProgramData\Oracle\Java\javapath;C:\WINDOWS\system32;C:\WINDOWS;C:\WINDOWS\System32\Wbem;C:\WINDOWS\System32\WindowsPowerShell\v1.0\;C:\Program Files\Condusiv Technologies\ExpressCache\;C:\Users\Rafael\.dnx\bin;C:\Program Files\Microsoft DNX\Dnvm\;C:\Program Files\Microsoft SQL Server\120\Tools\Binn\;C:\Program Files (x86)\Windows Kits\10\Windows Performance Toolkit\;C:\Program Files (x86)\MySQL\MySQL Fabric 1.5 & MySQL Utilities 1.5\;C:\Program Files (x86)\MySQL\MySQL Fabric 1.5 & MySQL Utilities 1.5\Doctrine extensions for PHP\;C:\Program Files (x86)\Skype\Phone\;C:\Program Files\Git\cmd;C:\Program Files\TortoiseGit\bin;C:\Users\Rafael\AppData\Local\Microsoft\WindowsApps;;C:\Users\Rafael\Downloads\eclipse-SDK-4.6.0-win32-x86_64-distro-2.4.0\eclipse;
USERNAME=Rafael
OS=Windows_NT
PROCESSOR_IDENTIFIER=Intel64 Family 6 Model 58 Stepping 9, GenuineIntel



---------------  S Y S T E M  ---------------

OS: Windows 10.0 , 64 bit Build 14393 (10.0.14393.0)

CPU:total 4 (2 cores per cpu, 2 threads per core) family 6 model 58 stepping 9, cmov, cx8, fxsr, mmx, sse, sse2, sse3, ssse3, sse4.1, sse4.2, popcnt, avx, aes, clmul, erms, ht, tsc, tscinvbit, tscinv

Memory: 4k page, physical 8304160k(3426496k free), swap 9614880k(3293268k free)

vm_info: Java HotSpot(TM) 64-Bit Server VM (25.101-b13) for windows-amd64 JRE (1.8.0_101-b13), built on Jun 22 2016 01:21:29 by "java_re" with MS VC++ 10.0 (VS2010)

time: Tue Nov 01 22:58:17 2016
elapsed time: 214 seconds (0d 0h 3m 34s)

